<?xml version="1.0" encoding="UTF-8"?>
<testng-results ignored="0" total="0" passed="0" failed="0" skipped="0">
  <reporter-output>
  </reporter-output>
  <suite started-at="2023-06-24T21:12:04 EDT" name="Final Suite" finished-at="2023-06-24T21:12:05 EDT" duration-ms="65">
    <groups>
    </groups>
    <test started-at="2023-06-24T21:12:04 EDT" name="Regression Test" finished-at="2023-06-24T21:12:05 EDT" duration-ms="65">
    </test> <!-- Regression Test -->
  </suite> <!-- Final Suite -->
</testng-results>
